Invalid HTTP_HOST header: 'projectmanagement.shifatirabbi.xyz'. You may need to add 'projectmanagement.shifatirabbi.xyz' to ALLOWED_HOSTS.
Traceback (most recent call last):
  File "/home/shifatir/virtualenv/ProjectManagement/3.10/lib/python3.10/site-packages/django/core/handlers/exception.py", line 55, in inner
    response = get_response(request)
  File "/home/shifatir/virtualenv/ProjectManagement/3.10/lib/python3.10/site-packages/django/utils/deprecation.py", line 133, in __call__
    response = self.process_request(request)
  File "/home/shifatir/virtualenv/ProjectManagement/3.10/lib/python3.10/site-packages/django/middleware/common.py", line 48, in process_request
    host = request.get_host()
  File "/home/shifatir/virtualenv/ProjectManagement/3.10/lib/python3.10/site-packages/django/http/request.py", line 167, in get_host
    raise DisallowedHost(msg)
django.core.exceptions.DisallowedHost: Invalid HTTP_HOST header: 'projectmanagement.shifatirabbi.xyz'. You may need to add 'projectmanagement.shifatirabbi.xyz' to ALLOWED_HOSTS.
Bad Request: /
Invalid HTTP_HOST header: 'projectmanagement.shifatirabbi.xyz'. You may need to add 'projectmanagement.shifatirabbi.xyz' to ALLOWED_HOSTS.
Traceback (most recent call last):
  File "/home/shifatir/virtualenv/ProjectManagement/3.10/lib/python3.10/site-packages/django/core/handlers/exception.py", line 55, in inner
    response = get_response(request)
  File "/home/shifatir/virtualenv/ProjectManagement/3.10/lib/python3.10/site-packages/django/utils/deprecation.py", line 133, in __call__
    response = self.process_request(request)
  File "/home/shifatir/virtualenv/ProjectManagement/3.10/lib/python3.10/site-packages/django/middleware/common.py", line 48, in process_request
    host = request.get_host()
  File "/home/shifatir/virtualenv/ProjectManagement/3.10/lib/python3.10/site-packages/django/http/request.py", line 167, in get_host
    raise DisallowedHost(msg)
django.core.exceptions.DisallowedHost: Invalid HTTP_HOST header: 'projectmanagement.shifatirabbi.xyz'. You may need to add 'projectmanagement.shifatirabbi.xyz' to ALLOWED_HOSTS.
Bad Request: /favicon.ico
Not Found: /favicon.ico
Not Found: /favicon.ico
Not Found: /favicon.ico
Not Found: /favicon.ico
Not Found: /favicon.ico
Not Found: /robots.txt
Not Found: /robots.txt
Not Found: /favicon.ico
Not Found: /favicon.ico
Not Found: /favicon.ico
Not Found: /Public/home/js/check.js
Not Found: /Public/home/js/check.js
Not Found: /static/admin/javascript/hetong.js
Not Found: /static/admin/javascript/hetong.js
Not Found: /favicon.ico
Not Found: /favicon.ico
Not Found: /favicon.ico
Not Found: /favicon.ico
Not Found: /favicon.ico
Not Found: /robots.txt
Not Found: /favicon.ico
Not Found: /favicon.ico
Not Found: /favicon.ico
Not Found: /favicon.ico
Not Found: /favicon.ico
Not Found: /robots.txt
Not Found: /favicon.ico
Not Found: /favicon.ico
Not Found: /favicon.ico
Not Found: /favicon.ico
Not Found: /favicon.ico
Not Found: /favicon.ico
Not Found: /favicon.ico
Not Found: /favicon.ico
Not Found: /favicon.ico
Not Found: /favicon.ico
Not Found: /robots.txt
Not Found: /robots.txt
Not Found: /favicon.ico
Not Found: /favicon.ico
Not Found: /robots.txt
Not Found: /robots.txt
Not Found: /robots.txt
Not Found: /favicon.ico
Not Found: /favicon.ico
Not Found: /robots.txt
Not Found: /favicon.ico
Not Found: /robots.txt
Not Found: /favicon.ico
Not Found: //favicon.ico
Not Found: /robots.txt
Not Found: /robots.txt
Not Found: /favicon.ico
Not Found: /favicon.ico
Not Found: /favicon.ico
Not Found: /favicon.ico
Not Found: /favicon.ico
Not Found: /favicon.ico
Not Found: /favicon.ico
Not Found: /favicon.ico
Not Found: /favicon.ico
Not Found: /favicon.ico
Not Found: /robots.txt
Not Found: /favicon.ico
Not Found: /robots.txt
Not Found: /favicon.ico
Not Found: /robots.txt
Not Found: /robots.txt
Not Found: /robots.txt
Not Found: /robots.txt
Not Found: /favicon.ico
Not Found: /robots.txt
Not Found: /favicon.ico
Not Found: /robots.txt
Not Found: /robots.txt
Not Found: /robots.txt
Not Found: /robots.txt
Not Found: /_profiler/phpinfo
Not Found: /_profiler/phpinfo
Forbidden (CSRF cookie not set.): /
Forbidden (Referer checking failed - no Referer.): /
Not Found: /robots.txt
Not Found: /favicon.ico
Not Found: /robots.txt
Not Found: /robots.txt
Not Found: /favicon.ico
Not Found: /favicon.ico
Not Found: /favicon.ico
Not Found: /favicon.ico
Not Found: /robots.txt
Not Found: /favicon.ico
Not Found: /robots.txt
Not Found: /robots.txt
Not Found: /sitemap.xml
Not Found: /robots.txt
Not Found: /favicon.ico
Not Found: /.vscode/sftp.json
Not Found: /debug/default/view
Not Found: /v2/_catalog
Not Found: /ecp/Current/exporttool/microsoft.exchange.ediscovery.exporttool.application
Not Found: /login.action
Not Found: /.DS_Store
Not Found: /.vscode/sftp.json
Not Found: /.env
Not Found: /s/638313e2335313e2437313e2330313/_/;/META-INF/maven/com.atlassian.jira/jira-webapp-dist/pom.properties
Not Found: /config.json
Not Found: /telescope/requests
Not Found: /debug/default/view
Not Found: /v2/_catalog
Not Found: /ecp/Current/exporttool/microsoft.exchange.ediscovery.exporttool.application
Not Found: /login.action
Not Found: /.DS_Store
Not Found: /.env
Not Found: /.vscode/sftp.json
Not Found: /s/638313e2335313e2437313e2330313/_/;/META-INF/maven/com.atlassian.jira/jira-webapp-dist/pom.properties
Not Found: /config.json
Not Found: /telescope/requests
Not Found: /debug/default/view
Not Found: /.vscode/sftp.json
Not Found: /v2/_catalog
Not Found: /ecp/Current/exporttool/microsoft.exchange.ediscovery.exporttool.application
Not Found: /debug/default/view
Not Found: /login.action
Not Found: /v2/_catalog
Not Found: /.DS_Store
Not Found: /ecp/Current/exporttool/microsoft.exchange.ediscovery.exporttool.application
Not Found: /.env
Not Found: /login.action
Not Found: /s/638313e2335313e2437313e2330313/_/;/META-INF/maven/com.atlassian.jira/jira-webapp-dist/pom.properties
Not Found: /config.json
Not Found: /telescope/requests
Not Found: /.DS_Store
Not Found: /.env
Not Found: /s/638313e2335313e2437313e2330313/_/;/META-INF/maven/com.atlassian.jira/jira-webapp-dist/pom.properties
Not Found: /config.json
Not Found: /telescope/requests
Not Found: /favicon.ico
Not Found: /Public/home/js/check.js
Not Found: /Public/home/js/check.js
Not Found: /static/admin/javascript/hetong.js
Not Found: /static/admin/javascript/hetong.js
Not Found: /wp-includes/wlwmanifest.xml
Not Found: /public/_ignition/health-check/
Not Found: /_ignition/health-check/
Not Found: /favicon.ico
Not Found: /favicon.ico
Not Found: /robots.txt
Not Found: /robots.txt
Not Found: /robots.txt
Not Found: /favicon.ico
Not Found: /favicon.ico
Not Found: /robots.txt
Not Found: /favicon.ico
Not Found: /favicon.ico
Not Found: /robots.txt
Not Found: /robots.txt
Not Found: /favicon.ico
Not Found: /wp-admin/install.php
Not Found: /wp-admin/install.php
Not Found: /wp-admin/install.php
Not Found: /favicon.ico
Not Found: /favicon.ico
Not Found: /robots.txt
Not Found: /robots.txt
Not Found: /robots.txt
Not Found: /robots.txt
Not Found: /robots.txt
Not Found: /.env
Not Found: /.remote
Not Found: /.local
Not Found: /.production
Not Found: //vendor/.env
Not Found: //lib/.env
Not Found: //lab/.env
Not Found: //cronlab/.env
Not Found: //cron/.env
Not Found: //core/.env
Not Found: //core/app/.env
Not Found: //core/Datavase/.env
Not Found: //database/.env
Not Found: //config/.env
Not Found: //assets/.env
Not Found: //app/.env
Not Found: //apps/.env
Not Found: //uploads/.env
Not Found: //sitemaps/.env
Not Found: //saas/.env
Not Found: //api/.env
Not Found: //psnlink/.env
Not Found: //exapi/.env
Not Found: //site/.env
Not Found: //admin/.env
Not Found: //web/.env
Not Found: //public/.env
Not Found: //en/.env
Not Found: //tools/.env
Not Found: //v1/.env
Not Found: //v2/.env
Not Found: //administrator/.env
Not Found: //laravel/.env
Forbidden (CSRF cookie not set.): /
Not Found: //admin/vendor/phpunit/phpunit/src/Util/PHP/eval-stdin.php
Not Found: //api/vendor/phpunit/phpunit/src/Util/PHP/eval-stdin.php
Not Found: //backup/vendor/phpunit/phpunit/src/Util/PHP/eval-stdin.php
Not Found: //blog/vendor/phpunit/phpunit/src/Util/PHP/eval-stdin.php
Not Found: //cms/vendor/phpunit/phpunit/src/Util/PHP/eval-stdin.php
Not Found: //demo/vendor/phpunit/phpunit/src/Util/PHP/eval-stdin.php
Not Found: //dev/vendor/phpunit/phpunit/src/Util/PHP/eval-stdin.php
Not Found: //laravel/vendor/phpunit/phpunit/src/Util/PHP/eval-stdin.php
Not Found: //lib/phpunit/Util/PHP/eval-stdin.php
Not Found: //lib/phpunit/phpunit/Util/PHP/eval-stdin.php
Not Found: //lib/phpunit/phpunit/src/Util/PHP/eval-stdin.php
Not Found: //lib/phpunit/src/Util/PHP/eval-stdin.php
Not Found: //new/vendor/phpunit/phpunit/src/Util/PHP/eval-stdin.php
Not Found: //old/vendor/phpunit/phpunit/src/Util/PHP/eval-stdin.php
Not Found: //panel/vendor/phpunit/phpunit/src/Util/PHP/eval-stdin.php
Not Found: //phpunit/Util/PHP/eval-stdin.php
Not Found: //phpunit/phpunit/Util/PHP/eval-stdin.php
Not Found: //phpunit/phpunit/src/Util/PHP/eval-stdin.php
Not Found: //phpunit/src/Util/PHP/eval-stdin.php
Not Found: //protected/vendor/phpunit/phpunit/src/Util/PHP/eval-stdin.php
Not Found: //sites/all/libraries/mailchimp/vendor/phpunit/phpunit/src/Util/PHP/eval-stdin.php
Not Found: //vendor/phpunit/Util/PHP/eval-stdin.php
Not Found: //vendor/phpunit/phpunit/Util/PHP/eval-stdin.php
Not Found: //vendor/phpunit/phpunit/src/Util/PHP/eval-stdin.php
Not Found: //vendor/phpunit/src/Util/PHP/eval-stdin.php
Not Found: //wp-content/plugins/cloudflare/vendor/phpunit/phpunit/src/Util/PHP/eval-stdin.php
Not Found: //wp-content/plugins/dzs-videogallery/class_parts/vendor/phpunit/phpunit/src/Util/PHP/eval-stdin.php
Not Found: //wp-content/plugins/jekyll-exporter/vendor/phpunit/phpunit/src/Util/PHP/eval-stdin.php
Not Found: //wp-content/plugins/mm-plugin/inc/vendors/vendor/phpunit/phpunit/src/Util/PHP/eval-stdin.php
Not Found: //www/vendor/phpunit/phpunit/src/Util/PHP/eval-stdin.php
Not Found: /wp-admin/install.php
Not Found: /wp-admin/install.php
Not Found: /robots.txt
Not Found: /robots.txt
Not Found: /favicon.ico
Not Found: /robots.txt
Not Found: /favicon.ico
Not Found: /robots.txt
Not Found: /favicon.ico
Not Found: /dist/umd/popper.min.js
Not Found: //cdn.jsdelivr.net/npm/popper.js
Not Found: //cdn.js
Not Found: /dist/js/bootstrap.bundle.min.js
Not Found: /dist/jquery.slim.min.js
Not Found: /robots.txt
Not Found: /sitemap.xml
Not Found: /xmlrpc.php
Not Found: /robots.txt
Not Found: /favicon.ico
Not Found: /robots.txt
Not Found: /robots.txt
Not Found: /favicon.ico
Not Found: /robots.txt
Not Found: /favicon.ico
Not Found: /robots.txt
Not Found: /favicon.ico
Not Found: /favicon.ico
Not Found: /robots.txt
Not Found: /favicon.ico
Not Found: /robots.txt
Not Found: /favicon.ico
Not Found: /robots.txt
Not Found: /robots.txt
Not Found: /robots.txt
Not Found: /robots.txt
Not Found: /robots.txt
Not Found: /robots.txt
Not Found: /robots.txt
Not Found: /robots.txt
Not Found: /robots.txt
Not Found: /favicon.ico
Not Found: /robots.txt
Not Found: /.DS_Store
Not Found: /robots.txt
Not Found: /robots.txt
Not Found: /robots.txt
Not Found: /robots.txt
Not Found: /xmlrpc.php
Not Found: /favicon.ico
Not Found: /sitemap.xml
Not Found: /robots.txt
Not Found: /favicon.ico
Not Found: /sitemap.xml
Not Found: /robots.txt
Not Found: /robots.txt
Not Found: /robots.txt
Not Found: /robots.txt
Not Found: /robots.txt
Not Found: /robots.txt
Not Found: /robots.txt
Not Found: /robots.txt
Not Found: /robots.txt
Not Found: /robots.txt
Not Found: /robots.txt
Not Found: /robots.txt
Not Found: /robots.txt
Not Found: /robots.txt
Not Found: /robots.txt
Not Found: /robots.txt
Not Found: /robots.txt
Not Found: /robots.txt
Not Found: /robots.txt
Not Found: /robots.txt
Not Found: /robots.txt
Not Found: /robots.txt
Not Found: /robots.txt
Not Found: /favicon.ico
Not Found: /.vscode/sftp.json
Not Found: /.vscode/sftp.json
Not Found: /debug/default/view
Not Found: /debug/default/view
Not Found: /v2/_catalog
Not Found: /v2/_catalog
Not Found: /ecp/Current/exporttool/microsoft.exchange.ediscovery.exporttool.application
Not Found: /.vscode/sftp.json
Not Found: /ecp/Current/exporttool/microsoft.exchange.ediscovery.exporttool.application
Not Found: /login.action
Not Found: /.DS_Store
Not Found: /.env
Not Found: /login.action
Not Found: /s/638313e2235313e2437313e2330313/_/;/META-INF/maven/com.atlassian.jira/jira-webapp-dist/pom.properties
Not Found: /config.json
Not Found: /debug/default/view
Not Found: /telescope/requests
Not Found: /.DS_Store
Not Found: /v2/_catalog
Not Found: /.env
Not Found: /ecp/Current/exporttool/microsoft.exchange.ediscovery.exporttool.application
Not Found: /.vscode/sftp.json
Not Found: /s/638313e2235313e2437313e2330313/_/;/META-INF/maven/com.atlassian.jira/jira-webapp-dist/pom.properties
Not Found: /config.json
Not Found: /telescope/requests
Not Found: /login.action
Not Found: /debug/default/view
Not Found: /v2/_catalog
Not Found: /.DS_Store
Not Found: /.env
Not Found: /ecp/Current/exporttool/microsoft.exchange.ediscovery.exporttool.application
Not Found: /s/638313e2235313e2437313e2330313/_/;/META-INF/maven/com.atlassian.jira/jira-webapp-dist/pom.properties
Not Found: /login.action
Not Found: /config.json
Not Found: /telescope/requests
Not Found: /.DS_Store
Not Found: /.env
Not Found: /s/638313e2235313e2437313e2330313/_/;/META-INF/maven/com.atlassian.jira/jira-webapp-dist/pom.properties
Not Found: /config.json
Not Found: /telescope/requests
Not Found: /robots.txt
Not Found: /robots.txt
Not Found: /favicon.ico
Not Found: /Public/home/js/check.js
Not Found: /Public/home/js/check.js
Not Found: /static/admin/javascript/hetong.js
Not Found: /static/admin/javascript/hetong.js
Not Found: /favicon.ico
Not Found: /favicon.ico
Not Found: /favicon.ico
Not Found: /robots.txt
Not Found: /favicon.ico
Not Found: /xmlrpc.php
Not Found: /robots.txt
Not Found: /favicon.ico
Not Found: /robots.txt
Not Found: /favicon.ico
Not Found: /robots.txt
Not Found: /favicon.ico
Not Found: /favicon.ico
Not Found: /robots.txt
Not Found: /robots.txt
Not Found: /robots.txt
Not Found: /robots.txt
Not Found: /robots.txt
Not Found: /favicon.ico
Not Found: /favicon.ico
Not Found: /robots.txt
Not Found: /robots.txt
Not Found: /robots.txt
Not Found: /robots.txt
Not Found: /favicon.ico
Not Found: /.env
Forbidden (CSRF cookie not set.): /
Not Found: /.env
Forbidden (CSRF cookie not set.): /
Not Found: /favicon.ico
Not Found: /robots.txt
Not Found: /favicon.ico
Not Found: /robots.txt
Not Found: /favicon.ico
Not Found: /favicon.ico
Not Found: /robots.txt
Not Found: /robots.txt
Not Found: /sitemap.xml
Not Found: /robots.txt
Not Found: /robots.txt
Not Found: /robots.txt
Not Found: /robots.txt
Not Found: /favicon.ico
Not Found: /favicon.ico
Not Found: /favicon.ico
Not Found: /robots.txt
Not Found: /favicon.ico
Not Found: /robots.txt
Not Found: /robots.txt
Not Found: /robots.txt
Not Found: /favicon.ico
Not Found: /robots.txt
Not Found: /robots.txt
Not Found: /web/wp-includes/wlwmanifest.xml
[UID:1229][845993] Child process with pid: 849968 was killed by signal: 15, core dumped: no
Not Found: /web/wp-includes/wlwmanifest.xml
Not Found: /wordpress/wp-includes/wlwmanifest.xml
Not Found: /wordpress/wp-includes/wlwmanifest.xml
Not Found: /website/wp-includes/wlwmanifest.xml
Not Found: /website/wp-includes/wlwmanifest.xml
Not Found: /robots.txt
Not Found: /favicon.ico
Not Found: /robots.txt
Not Found: /robots.txt
Not Found: /robots.txt
Not Found: /favicon.ico
Not Found: /robots.txt
Not Found: /favicon.ico
Not Found: /favicon.ico
Not Found: /favicon.ico
Not Found: /dist/js/bootstrap.bundle.min.js
Not Found: /dist/jquery.slim.min.js
Not Found: //cdn.js
Not Found: /dist/umd/popper.min.js
Not Found: //cdn.jsdelivr.net/npm/popper.js
Not Found: /robots.txt
Not Found: /robots.txt
Not Found: /favicon.ico
Not Found: /favicon.ico
Not Found: /robots.txt
Not Found: /favicon.ico
Not Found: /favicon.ico
Not Found: /robots.txt
Not Found: /favicon.ico
Not Found: /favicon.ico
Not Found: /robots.txt
Not Found: /favicon.ico
Not Found: /robots.txt
Not Found: /robots.txt
Not Found: /robots.txt
Not Found: /wp-login.php
Not Found: /robots.txt
Not Found: /favicon.ico
Not Found: /favicon.ico
Not Found: /.env
Forbidden (CSRF cookie not set.): /
Not Found: /sendgrid/.env
Forbidden (CSRF cookie not set.): /
Not Found: /robots.txt
Not Found: /favicon.ico
Not Found: /robots.txt
Not Found: /robots.txt
Not Found: /robots.txt
Not Found: /robots.txt
Not Found: /favicon.ico
Not Found: /favicon.ico
Not Found: /robots.txt
Not Found: /robots.txt
Not Found: /robots.txt
Not Found: /robots.txt
Not Found: /favicon.ico
Not Found: /favicon.ico
Not Found: /favicon.ico
Not Found: /favicon.ico
Not Found: /dist/js/bootstrap.bundle.min.js
Not Found: /dist/jquery.slim.min.js
Not Found: //cdn.jsdelivr.net/npm/popper.js
Not Found: //cdn.js
Not Found: /dist/umd/popper.min.js
Not Found: //cdn.js
Not Found: //cdn.jsdelivr.net/npm/popper.js
Not Found: /dist/js/bootstrap.bundle.min.js
Not Found: /dist/jquery.slim.min.js
Not Found: /dist/umd/popper.min.js
Not Found: /dist/jquery.slim.min.js
Not Found: /dist/js/bootstrap.bundle.min.js
Not Found: /dist/umd/popper.min.js
Not Found: //cdn.jsdelivr.net/npm/popper.js
Not Found: //cdn.js
Not Found: //cdn.js
Not Found: //cdn.jsdelivr.net/npm/popper.js
Not Found: /dist/js/bootstrap.bundle.min.js
Not Found: //cdn.js
Not Found: /dist/umd/popper.min.js
Not Found: /dist/jquery.slim.min.js
Not Found: //cdn.js
Not Found: /dist/umd/popper.min.js
Not Found: /dist/js/bootstrap.bundle.min.js
Not Found: /dist/jquery.slim.min.js
Not Found: //cdn.jsdelivr.net/npm/popper.js
Not Found: /robots.txt
Not Found: /robots.txt
Not Found: /sitemap.xml
Not Found: /robots.txt
Not Found: /robots.txt
Not Found: /favicon.ico
Not Found: /robots.txt
Not Found: /robots.txt
Not Found: /robots.txt
Not Found: /wp-login.php
Not Found: /robots.txt
Not Found: /robots.txt
Not Found: /favicon.ico
Not Found: /robots.txt
Not Found: /robots.txt
Not Found: /robots.txt
Not Found: /robots.txt
Not Found: /robots.txt
Not Found: /robots.txt
Not Found: /robots.txt
Not Found: //wp-content/plugins/WordPressCore/include.php
Not Found: /robots.txt
Not Found: /robots.txt
Not Found: /robots.txt
Not Found: /wp-login.php
Not Found: /robots.txt
Not Found: /robots.txt
Not Found: /robots.txt
Not Found: /wp-login.php
Not Found: /favicon.ico
Not Found: /.vscode/sftp.json
Not Found: /.vscode/sftp.json
Not Found: /.vscode/sftp.json
Not Found: /debug/default/view
Not Found: /v2/_catalog
Not Found: /debug/default/view
Not Found: /debug/default/view
Not Found: /ecp/Current/exporttool/microsoft.exchange.ediscovery.exporttool.application
Not Found: /v2/_catalog
Not Found: /v2/_catalog
Not Found: /login.action
Not Found: /ecp/Current/exporttool/microsoft.exchange.ediscovery.exporttool.application
Not Found: /ecp/Current/exporttool/microsoft.exchange.ediscovery.exporttool.application
Not Found: /.DS_Store
Not Found: /.env
Not Found: /login.action
Not Found: /login.action
Not Found: /s/638313e2235313e2437313e2330313/_/;/META-INF/maven/com.atlassian.jira/jira-webapp-dist/pom.properties
Not Found: /config.json
Not Found: /.DS_Store
Not Found: /.DS_Store
Not Found: /telescope/requests
Not Found: /.env
Not Found: /.env
Not Found: /s/638313e2235313e2437313e2330313/_/;/META-INF/maven/com.atlassian.jira/jira-webapp-dist/pom.properties
Not Found: /s/638313e2235313e2437313e2330313/_/;/META-INF/maven/com.atlassian.jira/jira-webapp-dist/pom.properties
Not Found: /config.json
Not Found: /config.json
Not Found: /telescope/requests
Not Found: /telescope/requests
Not Found: /.vscode/sftp.json
Not Found: /debug/default/view
Not Found: /v2/_catalog
Not Found: /ecp/Current/exporttool/microsoft.exchange.ediscovery.exporttool.application
Not Found: /login.action
Not Found: /.DS_Store
Not Found: /.env
Not Found: /s/638313e2235313e2437313e2330313/_/;/META-INF/maven/com.atlassian.jira/jira-webapp-dist/pom.properties
Not Found: /config.json
Not Found: /telescope/requests
Not Found: /favicon.ico
Not Found: /favicon.ico
Not Found: /favicon.ico
Not Found: /favicon.ico
Not Found: /favicon.ico
Not Found: /favicon.ico
Not Found: /favicon.ico
Not Found: /favicon.ico
Not Found: /favicon.ico
Not Found: /favicon.ico
Not Found: /favicon.ico
Not Found: /favicon.ico
Not Found: /dist/js/bootstrap.bundle.min.js
Not Found: /dist/umd/popper.min.js
Not Found: //cdn.jsdelivr.net/npm/popper.js
Not Found: //cdn.js
Not Found: /dist/jquery.slim.min.js
Not Found: //cdn.jsdelivr.net/npm/popper.js
Not Found: /dist/jquery.slim.min.js
Not Found: /dist/umd/popper.min.js
Not Found: /dist/js/bootstrap.bundle.min.js
Not Found: //cdn.js
Not Found: /dist/jquery.slim.min.js
Not Found: /dist/umd/popper.min.js
Not Found: /dist/js/bootstrap.bundle.min.js
Not Found: //cdn.jsdelivr.net/npm/popper.js
Not Found: //cdn.js
Not Found: //cdn.js
Not Found: /dist/jquery.slim.min.js
Not Found: //cdn.jsdelivr.net/npm/popper.js
Not Found: /dist/umd/popper.min.js
Not Found: /dist/js/bootstrap.bundle.min.js
Not Found: /dist/js/bootstrap.bundle.min.js
Not Found: //cdn.js
Not Found: /dist/umd/popper.min.js
Not Found: //cdn.jsdelivr.net/npm/popper.js
Not Found: /dist/jquery.slim.min.js
Not Found: //cdn.jsdelivr.net/npm/popper.js
Not Found: /dist/umd/popper.min.js
Not Found: /dist/js/bootstrap.bundle.min.js
Not Found: //cdn.js
Not Found: /dist/jquery.slim.min.js
Not Found: /dist/js/bootstrap.bundle.min.js
Not Found: //cdn.jsdelivr.net/npm/popper.js
Not Found: //cdn.js
Not Found: /dist/umd/popper.min.js
Not Found: /dist/jquery.slim.min.js
Not Found: /dist/js/bootstrap.bundle.min.js
Not Found: //cdn.jsdelivr.net/npm/popper.js
Not Found: /dist/umd/popper.min.js
Not Found: /dist/jquery.slim.min.js
Not Found: //cdn.js
Not Found: /dist/js/bootstrap.bundle.min.js
Not Found: /dist/umd/popper.min.js
Not Found: //cdn.jsdelivr.net/npm/popper.js
Not Found: /dist/jquery.slim.min.js
Not Found: //cdn.js
Not Found: /dist/jquery.slim.min.js
Not Found: /dist/js/bootstrap.bundle.min.js
Not Found: //cdn.js
Not Found: /dist/umd/popper.min.js
Not Found: //cdn.jsdelivr.net/npm/popper.js
Not Found: /dist/umd/popper.min.js
Not Found: /dist/jquery.slim.min.js
Not Found: //cdn.js
Not Found: //cdn.jsdelivr.net/npm/popper.js
Not Found: /dist/js/bootstrap.bundle.min.js
Not Found: /dist/umd/popper.min.js
Not Found: /dist/jquery.slim.min.js
Not Found: //cdn.js
Not Found: //cdn.jsdelivr.net/npm/popper.js
Not Found: /dist/js/bootstrap.bundle.min.js
Not Found: /Public/home/js/check.js
Not Found: /static/admin/javascript/hetong.js
Not Found: /Public/home/js/check.js
Not Found: /static/admin/javascript/hetong.js
Not Found: /favicon.ico
Not Found: /favicon.ico
Not Found: /favicon.ico
Not Found: /wp-login.php
Not Found: /favicon.ico
Not Found: /favicon.ico
Not Found: /.env
Forbidden (CSRF cookie not set.): /
Not Found: /favicon.ico
Not Found: /favicon.ico
Not Found: /favicon.ico
Not Found: //cdn.js
Not Found: /dist/js/bootstrap.bundle.min.js
Not Found: /dist/umd/popper.min.js
Not Found: /dist/jquery.slim.min.js
Not Found: //cdn.jsdelivr.net/npm/popper.js
Not Found: /dist/jquery.slim.min.js
Not Found: //cdn.js
Not Found: /dist/js/bootstrap.bundle.min.js
Not Found: //cdn.jsdelivr.net/npm/popper.js
Not Found: /dist/umd/popper.min.js
Not Found: //cdn.jsdelivr.net/npm/popper.js
Not Found: /dist/umd/popper.min.js
Not Found: //cdn.js
Not Found: /dist/js/bootstrap.bundle.min.js
Not Found: /dist/jquery.slim.min.js
Not Found: //cdn.jsdelivr.net/npm/popper.js
Not Found: /dist/js/bootstrap.bundle.min.js
Not Found: //cdn.js
Not Found: /dist/jquery.slim.min.js
Not Found: /dist/umd/popper.min.js
Not Found: //wp-admin/setup-config.php
Not Found: //old/wp-admin/setup-config.php
Not Found: //wordpress/wp-admin/setup-config.php
Not Found: //backup/wp-admin/setup-config.php
Not Found: //OLD/wp-admin/setup-config.php
Not Found: /favicon.ico
Not Found: /favicon.ico
Not Found: /favicon.ico
Not Found: /robots.txt
Not Found: /robots.txt
Not Found: /sitemap.xml
Not Found: /robots.txt
Not Found: /robots.txt
Not Found: /robots.txt
Not Found: /robots.txt
Not Found: /favicon.ico
Not Found: /.env
Forbidden (CSRF cookie not set.): /
Not Found: /wp-login.php
Not Found: /robots.txt
Not Found: /robots.txt
Not Found: /favicon.ico
Not Found: /favicon.ico
Not Found: /dist/jquery.slim.min.js
Not Found: //cdn.js
Not Found: //cdn.jsdelivr.net/npm/popper.js
Not Found: /dist/js/bootstrap.bundle.min.js
Not Found: /dist/umd/popper.min.js
Not Found: /dist/js/bootstrap.bundle.min.js
Not Found: /dist/umd/popper.min.js
Not Found: //cdn.jsdelivr.net/npm/popper.js
Not Found: /dist/jquery.slim.min.js
Not Found: /dist/js/bootstrap.bundle.min.js
Not Found: //cdn.js
Not Found: /dist/umd/popper.min.js
Not Found: /dist/umd/popper.min.js
Not Found: /dist/js/bootstrap.bundle.min.js
Not Found: /dist/jquery.slim.min.js
Not Found: //cdn.jsdelivr.net/npm/popper.js
Not Found: //cdn.js
Not Found: //cdn.js
Not Found: /dist/js/bootstrap.bundle.min.js
Not Found: /dist/umd/popper.min.js
Not Found: //cdn.js
Not Found: //cdn.jsdelivr.net/npm/popper.js
Not Found: /dist/jquery.slim.min.js
Not Found: /robots.txt
Not Found: /robots.txt
Not Found: /robots.txt
Not Found: /robots.txt
Not Found: /favicon.ico
Not Found: /favicon.ico
Not Found: /robots.txt
Not Found: /favicon.ico
Not Found: /favicon.ico
Not Found: /robots.txt
Not Found: /robots.txt
Not Found: /robots.txt
Not Found: /favicon.ico
Not Found: /favicon.ico
Not Found: /robots.txt
Not Found: /robots.txt
Not Found: /robots.txt
Not Found: /wp-login.php
Not Found: /robots.txt
Not Found: /wp-login.php
Not Found: /robots.txt
Not Found: /robots.txt
Not Found: /robots.txt
Not Found: /robots.txt
Not Found: /robots.txt
Not Found: /robots.txt
Not Found: /robots.txt
Not Found: //cdn.js
Not Found: /dist/jquery.slim.min.js
Not Found: //cdn.jsdelivr.net/npm/popper.js
Not Found: /dist/umd/popper.min.js
Not Found: /dist/js/bootstrap.bundle.min.js
Not Found: /favicon.ico
Not Found: /robots.txt
Not Found: /robots.txt
Not Found: /robots.txt
Not Found: /dist/umd/popper.min.js
Not Found: /dist/jquery.slim.min.js
Not Found: /dist/js/bootstrap.bundle.min.js
Not Found: //cdn.js
Not Found: //cdn.jsdelivr.net/npm/popper.js
Not Found: /robots.txt
Not Found: /robots.txt
Not Found: /robots.txt
Not Found: /robots.txt
Not Found: /favicon.ico
Not Found: /favicon.ico
Not Found: //cdn.jsdelivr.net/npm/popper.js
Not Found: /dist/js/bootstrap.bundle.min.js
Not Found: //cdn.js
Not Found: /dist/umd/popper.min.js
Not Found: /dist/jquery.slim.min.js
Not Found: /dist/umd/popper.min.js
Not Found: //cdn.js
Not Found: /dist/js/bootstrap.bundle.min.js
Not Found: /dist/jquery.slim.min.js
Not Found: //cdn.jsdelivr.net/npm/popper.js
Not Found: /dist/jquery.slim.min.js
Not Found: //cdn.jsdelivr.net/npm/popper.js
Not Found: //cdn.js
Not Found: /dist/js/bootstrap.bundle.min.js
Not Found: /dist/umd/popper.min.js
Not Found: //cdn.js
Not Found: /dist/umd/popper.min.js
Not Found: //cdn.jsdelivr.net/npm/popper.js
Not Found: /dist/js/bootstrap.bundle.min.js
Not Found: /dist/jquery.slim.min.js
Not Found: //cdn.jsdelivr.net/npm/popper.js
Not Found: /dist/umd/popper.min.js
Not Found: /dist/js/bootstrap.bundle.min.js
Not Found: //cdn.js
Not Found: /dist/jquery.slim.min.js
Not Found: /favicon.ico
Not Found: /favicon.ico
Not Found: /robots.txt
Not Found: /wp-login.php
Not Found: /robots.txt
Not Found: /.env
Forbidden (CSRF cookie not set.): /
Forbidden (CSRF cookie not set.): /
Not Found: /.env
Forbidden (CSRF cookie not set.): /
Forbidden (CSRF cookie not set.): /
Not Found: /robots.txt
Not Found: /robots.txt
Not Found: /robots.txt
Not Found: /favicon.ico
Not Found: /robots.txt
Not Found: /favicon.ico
Not Found: /robots.txt
Not Found: /robots.txt
Not Found: /favicon.ico
Not Found: /robots.txt
Not Found: /robots.txt
Not Found: /robots.txt
Not Found: /wp-login.php
Not Found: /robots.txt
Not Found: /robots.txt
Not Found: /robots.txt
Not Found: /robots.txt
Not Found: /robots.txt
Not Found: /robots.txt
Not Found: /robots.txt
Not Found: /robots.txt
Not Found: /robots.txt
Not Found: /robots.txt
Not Found: /sitemap.xml
Not Found: //cdn.jsdelivr.net/npm/popper.js
Not Found: /dist/umd/popper.min.js
Not Found: /dist/js/bootstrap.bundle.min.js
Not Found: //cdn.js
Not Found: /dist/jquery.slim.min.js
Not Found: /robots.txt
Not Found: /robots.txt
Not Found: /robots.txt
Not Found: /robots.txt
Not Found: /robots.txt
Not Found: /robots.txt
Not Found: /robots.txt
Not Found: /robots.txt
Not Found: /robots.txt
Not Found: /robots.txt
Not Found: /wp-login.php
Not Found: /robots.txt
Not Found: /robots.txt
Not Found: /robots.txt
Not Found: /robots.txt
Not Found: /robots.txt
Not Found: /robots.txt
Not Found: /robots.txt
Not Found: /robots.txt
Not Found: /robots.txt
Not Found: /robots.txt
Not Found: /robots.txt
Not Found: /favicon.ico
Not Found: /favicon.ico
Not Found: /robots.txt
Not Found: /robots.txt
Not Found: /robots.txt
Not Found: /robots.txt
Not Found: /favicon.ico
Not Found: /favicon.ico
Not Found: /robots.txt
Not Found: /robots.txt
Not Found: /robots.txt
Not Found: /robots.txt
Not Found: /robots.txt
Not Found: /robots.txt
Not Found: /favicon.ico
Not Found: /favicon.ico
Not Found: /robots.txt
Not Found: /wp-login.php
Not Found: /wp-content/plugins/woocommerce/assets/fonts/WooCommerce.woff
Not Found: /wp-content/plugins/wp-fastest-cache/readme.txt
Not Found: /wp-includes/js/jquery/jquery.js
Not Found: /robots.txt
Not Found: /robots.txt
Not Found: /robots.txt
Not Found: /favicon.ico
Not Found: /favicon.ico
Not Found: /robots.txt
Not Found: /robots.txt
Not Found: /robots.txt
Not Found: /robots.txt
Not Found: /robots.txt
Not Found: /robots.txt
Not Found: /favicon.ico
Not Found: /robots.txt
Not Found: /robots.txt
Not Found: /wp-login.php
Not Found: /wp-login.php
Not Found: /robots.txt
Not Found: /robots.txt
Not Found: /robots.txt
Not Found: /wp-login.php
Not Found: /favicon.ico
Not Found: /.vscode/sftp.json
Not Found: /.vscode/sftp.json
Not Found: /debug/default/view
Not Found: /favicon.ico
Not Found: /v2/_catalog
Not Found: /ecp/Current/exporttool/microsoft.exchange.ediscovery.exporttool.application
Not Found: /debug/default/view
Not Found: /v2/_catalog
Not Found: /login.action
Not Found: /ecp/Current/exporttool/microsoft.exchange.ediscovery.exporttool.application
Not Found: /.DS_Store
Not Found: /.env
Not Found: /login.action
Not Found: /s/137313e2335313e2437313e2330313/_/;/META-INF/maven/com.atlassian.jira/jira-webapp-dist/pom.properties
Not Found: /.vscode/sftp.json
Not Found: /config.json
Not Found: /.DS_Store
Not Found: /telescope/requests
Not Found: /.env
Not Found: /debug/default/view
Not Found: /s/137313e2335313e2437313e2330313/_/;/META-INF/maven/com.atlassian.jira/jira-webapp-dist/pom.properties
Not Found: /v2/_catalog
Not Found: /config.json
Not Found: /ecp/Current/exporttool/microsoft.exchange.ediscovery.exporttool.application
Not Found: /.vscode/sftp.json
Not Found: /telescope/requests
Not Found: /login.action
Not Found: /debug/default/view
Not Found: /v2/_catalog
Not Found: /.DS_Store
Not Found: /.env
Not Found: /ecp/Current/exporttool/microsoft.exchange.ediscovery.exporttool.application
Not Found: /s/137313e2335313e2437313e2330313/_/;/META-INF/maven/com.atlassian.jira/jira-webapp-dist/pom.properties
Not Found: /login.action
Not Found: /config.json
Not Found: /telescope/requests
Not Found: /.DS_Store
Not Found: /.env
Not Found: /s/137313e2335313e2437313e2330313/_/;/META-INF/maven/com.atlassian.jira/jira-webapp-dist/pom.properties
Not Found: /favicon.ico
Not Found: /config.json
Not Found: /telescope/requests
Not Found: /0,%200,%200,%200.025
Not Found: /favicon.ico
Not Found: /favicon.ico
Not Found: /favicon.ico
Not Found: /favicon.ico
Not Found: /favicon.ico
Not Found: /favicon.ico
Not Found: /favicon.ico
Not Found: /favicon.ico
Not Found: /favicon.ico
Not Found: /dist/jquery.slim.min.js
Not Found: /dist/umd/popper.min.js
Not Found: //cdn.jsdelivr.net/npm/popper.js
Not Found: /dist/js/bootstrap.bundle.min.js
Not Found: //cdn.js
Not Found: /dist/js/bootstrap.bundle.min.js
Not Found: //cdn.js
Not Found: /dist/jquery.slim.min.js
Not Found: /dist/umd/popper.min.js
Not Found: //cdn.jsdelivr.net/npm/popper.js
Not Found: //cdn.jsdelivr.net/npm/popper.js
Not Found: /dist/jquery.slim.min.js
Not Found: /dist/js/bootstrap.bundle.min.js
Not Found: /dist/umd/popper.min.js
Not Found: //cdn.js
Not Found: //cdn.jsdelivr.net/npm/popper.js
Not Found: /dist/js/bootstrap.bundle.min.js
Not Found: //cdn.js
Not Found: /dist/umd/popper.min.js
Not Found: /dist/jquery.slim.min.js
Not Found: /Public/home/js/check.js
Not Found: /static/admin/javascript/hetong.js
Not Found: /Public/home/js/check.js
Not Found: /static/admin/javascript/hetong.js
Not Found: /favicon.ico
Not Found: /favicon.ico
Not Found: /favicon.ico
Not Found: /favicon.ico
Not Found: /favicon.ico
Not Found: /wp-admin/setup-config.php
Not Found: /old/wp-admin/setup-config.php
Not Found: /wordpress/wp-admin/setup-config.php
Not Found: /OLD/wp-admin/setup-config.php
Not Found: /backup/wp-admin/setup-config.php
Not Found: /wp/wp-admin/setup-config.php
Not Found: //cdn.jsdelivr.net/npm/popper.js
Not Found: /dist/umd/popper.min.js
Not Found: //cdn.js
Not Found: /dist/jquery.slim.min.js
Not Found: /dist/js/bootstrap.bundle.min.js
Not Found: /dist/js/bootstrap.bundle.min.js
Not Found: /dist/jquery.slim.min.js
Not Found: /dist/umd/popper.min.js
Not Found: //cdn.jsdelivr.net/npm/popper.js
Not Found: //cdn.js
Not Found: /dist/jquery.slim.min.js
Not Found: //cdn.js
Not Found: /dist/js/bootstrap.bundle.min.js
Not Found: /dist/umd/popper.min.js
Not Found: //cdn.jsdelivr.net/npm/popper.js
Not Found: /dist/js/bootstrap.bundle.min.js
Not Found: //cdn.jsdelivr.net/npm/popper.js
Not Found: //cdn.js
Not Found: /dist/jquery.slim.min.js
Not Found: /dist/umd/popper.min.js
Not Found: /favicon.ico
Not Found: /robots.txt
Not Found: /favicon.ico
Not Found: /dist/umd/popper.min.js
Not Found: /dist/jquery.slim.min.js
Not Found: //cdn.js
Not Found: /dist/js/bootstrap.bundle.min.js
Not Found: //cdn.jsdelivr.net/npm/popper.js
Not Found: /dist/umd/popper.min.js
Not Found: //cdn.js
Not Found: /dist/js/bootstrap.bundle.min.js
Not Found: /dist/jquery.slim.min.js
Not Found: //cdn.jsdelivr.net/npm/popper.js
Not Found: /dist/js/bootstrap.bundle.min.js
Not Found: /dist/umd/popper.min.js
Not Found: //cdn.jsdelivr.net/npm/popper.js
Not Found: /dist/jquery.slim.min.js
Not Found: //cdn.js
Not Found: //cdn.jsdelivr.net/npm/popper.js
Not Found: /dist/jquery.slim.min.js
Not Found: /dist/umd/popper.min.js
Not Found: /dist/js/bootstrap.bundle.min.js
Not Found: //cdn.js
Not Found: /dist/js/bootstrap.bundle.min.js
Not Found: /dist/jquery.slim.min.js
Not Found: /dist/umd/popper.min.js
Not Found: //cdn.js
Not Found: //cdn.jsdelivr.net/npm/popper.js
Not Found: /dist/umd/popper.min.js
Not Found: /dist/js/bootstrap.bundle.min.js
Not Found: //cdn.jsdelivr.net/npm/popper.js
Not Found: /dist/jquery.slim.min.js
Not Found: //cdn.js
Not Found: //cdn.js
Not Found: //cdn.jsdelivr.net/npm/popper.js
Not Found: /dist/jquery.slim.min.js
Not Found: /dist/umd/popper.min.js
Not Found: /dist/js/bootstrap.bundle.min.js
Not Found: //cdn.js
Not Found: //cdn.jsdelivr.net/npm/popper.js
Not Found: /dist/js/bootstrap.bundle.min.js
Not Found: /dist/umd/popper.min.js
Not Found: /dist/jquery.slim.min.js
Not Found: //cdn.jsdelivr.net/npm/popper.js
Not Found: /dist/jquery.slim.min.js
Not Found: /dist/js/bootstrap.bundle.min.js
Not Found: //cdn.js
Not Found: /dist/umd/popper.min.js
Not Found: /dist/jquery.slim.min.js
Not Found: /dist/umd/popper.min.js
Not Found: //cdn.jsdelivr.net/npm/popper.js
Not Found: /dist/js/bootstrap.bundle.min.js
Not Found: //cdn.js
Not Found: /dist/umd/popper.min.js
Not Found: //cdn.js
Not Found: //cdn.jsdelivr.net/npm/popper.js
Not Found: /dist/jquery.slim.min.js
Not Found: /dist/js/bootstrap.bundle.min.js
Not Found: /favicon.ico
Not Found: /favicon.ico
Not Found: /favicon.ico
Not Found: /favicon.ico
Not Found: /favicon.ico
Not Found: /favicon.ico
Not Found: /dist/js/bootstrap.bundle.min.js
Not Found: //cdn.jsdelivr.net/npm/popper.js
Not Found: /dist/umd/popper.min.js
Not Found: /dist/jquery.slim.min.js
Not Found: //cdn.jsdelivr.net/npm/popper.js
Not Found: //cdn.js
Not Found: /dist/js/bootstrap.bundle.min.js
Not Found: /dist/jquery.slim.min.js
Not Found: /dist/umd/popper.min.js
Not Found: //cdn.jsdelivr.net/npm/popper.js
Not Found: /dist/jquery.slim.min.js
Not Found: /dist/js/bootstrap.bundle.min.js
Not Found: /dist/umd/popper.min.js
Not Found: //cdn.js
Not Found: /dist/jquery.slim.min.js
Not Found: /dist/umd/popper.min.js
Not Found: /dist/js/bootstrap.bundle.min.js
Not Found: //cdn.js
Not Found: //cdn.jsdelivr.net/npm/popper.js
Not Found: /robots.txt
Not Found: /robots.txt
Not Found: /favicon.ico
Not Found: /favicon.ico
Not Found: /favicon.ico
Not Found: /favicon.ico
Not Found: /favicon.ico
Not Found: /robots.txt
Not Found: /wp-login.php
Not Found: /favicon.ico
Not Found: /favicon.ico
Not Found: /robots.txt
Not Found: /robots.txt
Not Found: /robots.txt
Not Found: /favicon.ico
Not Found: /favicon.ico
Not Found: /robots.txt
Not Found: /robots.txt
Not Found: /favicon.ico
Not Found: /robots.txt
Not Found: /robots.txt
Not Found: /robots.txt
Not Found: /favicon.ico
Not Found: /favicon.ico
Not Found: /robots.txt
Not Found: /sitemap.xml
Not Found: /robots.txt
Not Found: /robots.txt
Not Found: /wp-login.php
Not Found: /wp-login.php
Not Found: /robots.txt
Not Found: /robots.txt
Not Found: /robots.txt
Not Found: /robots.txt
Not Found: /robots.txt
Not Found: /robots.txt
Not Found: /wp-login.php
Not Found: /robots.txt
Not Found: /favicon.ico
Not Found: /robots.txt
Not Found: /robots.txt
Not Found: /robots.txt
Not Found: /robots.txt
Not Found: /robots.txt
Not Found: /robots.txt
Not Found: /favicon.ico
Not Found: /robots.txt
Not Found: /favicon.ico
Not Found: /favicon.ico
Not Found: /wp-includes/wlwmanifest.xml
Not Found: /xmlrpc.php
Not Found: /blog/wp-includes/wlwmanifest.xml
Not Found: /web/wp-includes/wlwmanifest.xml
Not Found: /wordpress/wp-includes/wlwmanifest.xml
Not Found: /website/wp-includes/wlwmanifest.xml
Not Found: /wp/wp-includes/wlwmanifest.xml
Not Found: /news/wp-includes/wlwmanifest.xml
Not Found: /2020/wp-includes/wlwmanifest.xml
Not Found: /2019/wp-includes/wlwmanifest.xml
Not Found: /shop/wp-includes/wlwmanifest.xml
Not Found: /wp1/wp-includes/wlwmanifest.xml
Not Found: /test/wp-includes/wlwmanifest.xml
Not Found: /wp2/wp-includes/wlwmanifest.xml
Not Found: /site/wp-includes/wlwmanifest.xml
Not Found: /cms/wp-includes/wlwmanifest.xml
Not Found: /sito/wp-includes/wlwmanifest.xml
Not Found: /favicon.ico
Not Found: /favicon.ico
Not Found: /robots.txt
Not Found: /robots.txt
